<?xml version="1.0" encoding="UTF-8"?>
<!-- Generated by org.testng.reporters.JUnitReportReporter -->
<testsuite skipped="0" hostname="Mohammeds-MacBook-Pro.local" name="com.usa.logintest.FindPropertyTest" tests="1" failures="0" timestamp="15 Mar 2020 20:12:37 GMT" time="45.450" errors="0">
  <testcase name="findProperties" time="45.450" classname="com.usa.logintest.FindPropertyTest"/>
</testsuite> <!-- com.usa.logintest.FindPropertyTest -->
