<?xml version="1.0" encoding="UTF-8"?>
<!-- Generated by org.testng.reporters.JUnitReportReporter -->
<testsuite skipped="0" hostname="MOHAMMEDALA556D" name="com.usa.logintest.FindPropertyTest" tests="1" failures="0" timestamp="16 Mar 2020 20:25:00 GMT" time="28.502" errors="0">
  <testcase name="findProperties" time="28.502" classname="com.usa.logintest.FindPropertyTest"/>
</testsuite> <!-- com.usa.logintest.FindPropertyTest -->
