<?xml version="1.0" encoding="UTF-8"?>
<!-- Generated by org.testng.reporters.JUnitReportReporter -->
<testsuite skipped="0" hostname="MOHAMMEDALA556D" name="com.usa.logintest.LoginTest" tests="1" failures="0" timestamp="16 Mar 2020 20:25:00 GMT" time="22.406" errors="0">
  <testcase name="getLoginValidation" time="22.406" classname="com.usa.logintest.LoginTest"/>
</testsuite> <!-- com.usa.logintest.LoginTest -->
