<?xml version="1.0" encoding="UTF-8"?>
<!-- Generated by org.testng.reporters.JUnitReportReporter -->
<testsuite skipped="0" hostname="MOHAMMEDALA556D" name="com.usa.myrunner.MyRunner" tests="2" failures="0" timestamp="23 Mar 2020 02:38:53 GMT" time="131.088" errors="0">
  <testcase name="feature" time="61.210" classname="com.usa.myrunner.MyRunner"/>
  <testcase name="feature" time="69.878" classname="com.usa.myrunner.MyRunner"/>
</testsuite> <!-- com.usa.myrunner.MyRunner -->
